2021-10-05 14:30:57.163  INFO 15460 --- [main] onetoone.Main                            : Starting Main using Java 16.0.2 on coms-sco-070 with PID 15460 (C:\Users\cheehau\COMS309\3_rk_2\Backend\userdb\springboot_example\target\classes started by cheehau in C:\Users\cheehau\COMS309\3_rk_2\Backend\userdb)
2021-10-05 14:30:57.178  INFO 15460 --- [main] onetoone.Main                            : No active profile set, falling back to default profiles: default
2021-10-05 14:30:58.034  INFO 15460 --- [main] .s.d.r.c.RepositoryConfigurationDelegate : Bootstrapping Spring Data JPA repositories in DEFAULT mode.
2021-10-05 14:30:58.136  INFO 15460 --- [main] .s.d.r.c.RepositoryConfigurationDelegate : Finished Spring Data repository scanning in 85 ms. Found 5 JPA repository interfaces.
2021-10-05 14:30:59.624  INFO 15460 --- [main] o.s.b.w.embedded.tomcat.TomcatWebServer  : Tomcat initialized with port(s): 8080 (http)
2021-10-05 14:30:59.633  INFO 15460 --- [main] o.apache.catalina.core.StandardService   : Starting service [Tomcat]
2021-10-05 14:30:59.633  INFO 15460 --- [main] org.apache.catalina.core.StandardEngine  : Starting Servlet engine: [Apache Tomcat/9.0.41]
2021-10-05 14:30:59.733  INFO 15460 --- [main] o.a.c.c.C.[Tomcat].[localhost].[/]       : Initializing Spring embedded WebApplicationContext
2021-10-05 14:30:59.733  INFO 15460 --- [main] w.s.c.ServletWebServerApplicationContext : Root WebApplicationContext: initialization completed in 2400 ms
2021-10-05 14:31:00.011  INFO 15460 --- [main] o.hibernate.jpa.internal.util.LogHelper  : HHH000204: Processing PersistenceUnitInfo [name: default]
2021-10-05 14:31:00.085  INFO 15460 --- [main] org.hibernate.Version                    : HHH000412: Hibernate ORM core version 5.4.27.Final
2021-10-05 14:31:00.274  INFO 15460 --- [main] o.hibernate.annotations.common.Version   : HCANN000001: Hibernate Commons Annotations {5.1.2.Final}
2021-10-05 14:31:00.417  INFO 15460 --- [main] com.zaxxer.hikari.HikariDataSource       : HikariPool-1 - Starting...
2021-10-05 14:31:00.613  INFO 15460 --- [main] com.zaxxer.hikari.HikariDataSource       : HikariPool-1 - Start completed.
2021-10-05 14:31:00.647  INFO 15460 --- [main] org.hibernate.dialect.Dialect            : HHH000400: Using dialect: org.hibernate.dialect.MySQL8Dialect
2021-10-05 14:31:01.478  INFO 15460 --- [main] o.h.e.t.j.p.i.JtaPlatformInitiator       : HHH000490: Using JtaPlatform implementation: [org.hibernate.engine.transaction.jta.platform.internal.NoJtaPlatform]
2021-10-05 14:31:01.488  INFO 15460 --- [main] j.LocalContainerEntityManagerFactoryBean : Initialized JPA EntityManagerFactory for persistence unit 'default'
2021-10-05 14:31:02.039  WARN 15460 --- [main] JpaBaseConfiguration$JpaWebConfiguration : spring.jpa.open-in-view is enabled by default. Therefore, database queries may be performed during view rendering. Explicitly configure spring.jpa.open-in-view to disable this warning
2021-10-05 14:31:02.154  INFO 15460 --- [main] o.s.s.concurrent.ThreadPoolTaskExecutor  : Initializing ExecutorService 'applicationTaskExecutor'
2021-10-05 14:31:02.427  INFO 15460 --- [main] o.s.b.w.embedded.tomcat.TomcatWebServer  : Tomcat started on port(s): 8080 (http) with context path ''
2021-10-05 14:31:02.436  INFO 15460 --- [main] onetoone.Main                            : Started Main in 5.763 seconds (JVM running for 6.397)
2021-10-05 14:31:05.526  INFO 15460 --- [SpringContextShutdownHook] o.s.s.concurrent.ThreadPoolTaskExecutor  : Shutting down ExecutorService 'applicationTaskExecutor'
2021-10-05 14:31:05.531  INFO 15460 --- [SpringContextShutdownHook] j.LocalContainerEntityManagerFactoryBean : Closing JPA EntityManagerFactory for persistence unit 'default'
2021-10-05 14:31:05.535  INFO 15460 --- [SpringContextShutdownHook] com.zaxxer.hikari.HikariDataSource       : HikariPool-1 - Shutdown initiated...
2021-10-05 14:31:05.548  INFO 15460 --- [SpringContextShutdownHook] com.zaxxer.hikari.HikariDataSource       : HikariPool-1 - Shutdown completed.
