2021-10-09 16:56:16.818  INFO 4004 --- [main] com.example.ClassApplication             : Starting ClassApplication using Java 15.0.2 on DESKTOP-RA55AUK with PID 4004 (C:\Users\User\3_rk_2\Experiments\Lee Vincent Zi Hong\target\classes started by User in C:\Users\User\3_rk_2\Experiments\Lee Vincent Zi Hong)
2021-10-09 16:56:16.829  INFO 4004 --- [main] com.example.ClassApplication             : No active profile set, falling back to default profiles: default
2021-10-09 16:56:18.810  INFO 4004 --- [main] .s.d.r.c.RepositoryConfigurationDelegate : Bootstrapping Spring Data JPA repositories in DEFAULT mode.
2021-10-09 16:56:19.216  INFO 4004 --- [main] .s.d.r.c.RepositoryConfigurationDelegate : Finished Spring Data repository scanning in 387 ms. Found 5 JPA repository interfaces.
2021-10-09 16:56:20.647  INFO 4004 --- [main] o.s.b.w.embedded.tomcat.TomcatWebServer  : Tomcat initialized with port(s): 8080 (http)
2021-10-09 16:56:20.734  INFO 4004 --- [main] o.apache.catalina.core.StandardService   : Starting service [Tomcat]
2021-10-09 16:56:20.734  INFO 4004 --- [main] org.apache.catalina.core.StandardEngine  : Starting Servlet engine: [Apache Tomcat/9.0.52]
2021-10-09 16:56:20.995  INFO 4004 --- [main] o.a.c.c.C.[Tomcat].[localhost].[/]       : Initializing Spring embedded WebApplicationContext
2021-10-09 16:56:20.995  INFO 4004 --- [main] w.s.c.ServletWebServerApplicationContext : Root WebApplicationContext: initialization completed in 3983 ms
2021-10-09 16:56:21.350  INFO 4004 --- [main] o.hibernate.jpa.internal.util.LogHelper  : HHH000204: Processing PersistenceUnitInfo [name: default]
2021-10-09 16:56:21.501  INFO 4004 --- [main] org.hibernate.Version                    : HHH000412: Hibernate ORM core version 5.4.32.Final
2021-10-09 16:56:21.824  INFO 4004 --- [main] o.hibernate.annotations.common.Version   : HCANN000001: Hibernate Commons Annotations {5.1.2.Final}
2021-10-09 16:56:22.032  INFO 4004 --- [main] com.zaxxer.hikari.HikariDataSource       : HikariPool-1 - Starting...
2021-10-09 16:56:24.088  INFO 4004 --- [main] com.zaxxer.hikari.HikariDataSource       : HikariPool-1 - Start completed.
2021-10-09 16:56:24.115  INFO 4004 --- [main] org.hibernate.dialect.Dialect            : HHH000400: Using dialect: org.hibernate.dialect.MySQL5InnoDBDialect
2021-10-09 16:56:33.845  INFO 4004 --- [main] o.h.e.t.j.p.i.JtaPlatformInitiator       : HHH000490: Using JtaPlatform implementation: [org.hibernate.engine.transaction.jta.platform.internal.NoJtaPlatform]
2021-10-09 16:56:33.862  INFO 4004 --- [main] j.LocalContainerEntityManagerFactoryBean : Initialized JPA EntityManagerFactory for persistence unit 'default'
2021-10-09 16:56:34.534  WARN 4004 --- [main] JpaBaseConfiguration$JpaWebConfiguration : spring.jpa.open-in-view is enabled by default. Therefore, database queries may be performed during view rendering. Explicitly configure spring.jpa.open-in-view to disable this warning
2021-10-09 16:56:34.971  INFO 4004 --- [main] o.s.b.w.embedded.tomcat.TomcatWebServer  : Tomcat started on port(s): 8080 (http) with context path ''
2021-10-09 16:56:34.987  INFO 4004 --- [main] com.example.ClassApplication             : Started ClassApplication in 19.307 seconds (JVM running for 22.934)
2021-10-09 16:57:03.170  INFO 4004 --- [http-nio-8080-exec-2] o.a.c.c.C.[Tomcat].[localhost].[/]       : Initializing Spring DispatcherServlet 'dispatcherServlet'
2021-10-09 16:57:03.171  INFO 4004 --- [http-nio-8080-exec-2] o.s.web.servlet.DispatcherServlet        : Initializing Servlet 'dispatcherServlet'
2021-10-09 16:57:03.172  INFO 4004 --- [http-nio-8080-exec-2] o.s.web.servlet.DispatcherServlet        : Completed initialization in 1 ms
2021-10-09 17:03:12.855  WARN 4004 --- [http-nio-8080-exec-6] com.zaxxer.hikari.pool.PoolBase          : HikariPool-1 - Failed to validate connection com.mysql.cj.jdbc.ConnectionImpl@581a1929 (No operations allowed after connection closed.). Possibly consider using a shorter maxLifetime value.
2021-10-09 17:03:12.857  WARN 4004 --- [http-nio-8080-exec-6] com.zaxxer.hikari.pool.PoolBase          : HikariPool-1 - Failed to validate connection com.mysql.cj.jdbc.ConnectionImpl@2b35ef56 (No operations allowed after connection closed.). Possibly consider using a shorter maxLifetime value.
2021-10-09 17:03:12.859  WARN 4004 --- [http-nio-8080-exec-6] com.zaxxer.hikari.pool.PoolBase          : HikariPool-1 - Failed to validate connection com.mysql.cj.jdbc.ConnectionImpl@23ee7848 (No operations allowed after connection closed.). Possibly consider using a shorter maxLifetime value.
2021-10-09 17:03:12.860  WARN 4004 --- [http-nio-8080-exec-6] com.zaxxer.hikari.pool.PoolBase          : HikariPool-1 - Failed to validate connection com.mysql.cj.jdbc.ConnectionImpl@30ca306b (No operations allowed after connection closed.). Possibly consider using a shorter maxLifetime value.
2021-10-09 17:03:12.862  WARN 4004 --- [http-nio-8080-exec-6] com.zaxxer.hikari.pool.PoolBase          : HikariPool-1 - Failed to validate connection com.mysql.cj.jdbc.ConnectionImpl@3a212f86 (No operations allowed after connection closed.). Possibly consider using a shorter maxLifetime value.
2021-10-09 17:03:12.863  WARN 4004 --- [http-nio-8080-exec-6] com.zaxxer.hikari.pool.PoolBase          : HikariPool-1 - Failed to validate connection com.mysql.cj.jdbc.ConnectionImpl@3e6a28cb (No operations allowed after connection closed.). Possibly consider using a shorter maxLifetime value.
2021-10-09 17:03:12.864  WARN 4004 --- [http-nio-8080-exec-6] com.zaxxer.hikari.pool.PoolBase          : HikariPool-1 - Failed to validate connection com.mysql.cj.jdbc.ConnectionImpl@6e962b76 (No operations allowed after connection closed.). Possibly consider using a shorter maxLifetime value.
2021-10-09 17:03:12.865  WARN 4004 --- [http-nio-8080-exec-6] com.zaxxer.hikari.pool.PoolBase          : HikariPool-1 - Failed to validate connection com.mysql.cj.jdbc.ConnectionImpl@f3e07a7 (No operations allowed after connection closed.). Possibly consider using a shorter maxLifetime value.
2021-10-09 17:03:12.866  WARN 4004 --- [http-nio-8080-exec-6] com.zaxxer.hikari.pool.PoolBase          : HikariPool-1 - Failed to validate connection com.mysql.cj.jdbc.ConnectionImpl@3cd054d9 (No operations allowed after connection closed.). Possibly consider using a shorter maxLifetime value.
2021-10-09 17:03:12.867  WARN 4004 --- [http-nio-8080-exec-6] com.zaxxer.hikari.pool.PoolBase          : HikariPool-1 - Failed to validate connection com.mysql.cj.jdbc.ConnectionImpl@53130ff8 (No operations allowed after connection closed.). Possibly consider using a shorter maxLifetime value.
2021-10-09 17:03:32.594  INFO 4004 --- [RMI TCP Connection(12)-127.0.0.1] inMXBeanRegistrar$SpringApplicationAdmin : Application shutdown requested.
2021-10-09 17:03:32.641  INFO 4004 --- [RMI TCP Connection(12)-127.0.0.1] j.LocalContainerEntityManagerFactoryBean : Closing JPA EntityManagerFactory for persistence unit 'default'
2021-10-09 17:03:32.644  INFO 4004 --- [RMI TCP Connection(12)-127.0.0.1] com.zaxxer.hikari.HikariDataSource       : HikariPool-1 - Shutdown initiated...
2021-10-09 17:03:32.818  INFO 4004 --- [RMI TCP Connection(12)-127.0.0.1] com.zaxxer.hikari.HikariDataSource       : HikariPool-1 - Shutdown completed.
